<?xml version="1.0" encoding="UTF-8"?>
<!-- Generated by org.testng.reporters.JUnitXMLReporter -->
<testsuite ignored="0" hostname="zazn-bet-c4cbe1" failures="0" tests="2" name="Test" time="28.826" errors="0" timestamp="2024-10-01T01:31:24 CAT">
  <testcase classname="BddBasedPackages.sipho_qa_demo.TableResultsValidationTest" name="bbcSportNewsRender" time="6.738"/>
  <testcase classname="BddBasedPackages.sipho_qa_demo.SearchResultsRetrieveTest" name="bbcSportArticlesRetriev" time="2.319"/>
</testsuite> <!-- Test -->
