<?xml version="1.0" encoding="UTF-8"?>
<!-- Generated by org.testng.reporters.JUnitReportReporter -->
<testsuite hostname="zazn-bet-c4cbe1" failures="0" tests="1" name="BddBasedPackages.sipho_qa_demo.TableResultsValidationTest" time="18.169" errors="0" timestamp="2024-10-01T01:31:24 CAT" skipped="0">
  <testcase classname="BddBasedPackages.sipho_qa_demo.TableResultsValidationTest" name="bbcSportNewsRender" time="18.169"/>
</testsuite> <!-- BddBasedPackages.sipho_qa_demo.TableResultsValidationTest -->
