<?xml version="1.0" encoding="UTF-8"?>
<testsuite xmlns:xsi="http://www.w3.org/2001/XMLSchema-instance" xsi:noNamespaceSchemaLocation="https://maven.apache.org/surefire/maven-surefire-plugin/xsd/surefire-test-report-3.0.xsd" version="3.0" name="testRunner.TestRunner" time="39.378" tests="5" errors="1" skipped="0" failures="0">
  <properties>
[...]
</properties>
  <testcase name="Verify page heading is displayed correctly" classname="Email Disclaimer page – Positive scenarios" time="9.103">
    <system-out><![CDATA[
Scenario: Verify page heading is displayed correctly                              # file:///C:/Users/SiphoC/Downloads/selenium-java-bdd-automation/sipho_qa_demo/src/test/resources/features/EmailDisclaimer_Positive.feature:9
  ✔ Given the user opens the email disclaimer page                                # stepDefinitions.EmailDisclaimerSteps.openDisclaimerPage()
  ✔ When the page is loaded                                                       # stepDefinitions.EmailDisclaimerSteps.pageIsLoaded()
  ✔ Then the page heading should be "Shoprite Holdings Limited E-mail Disclaimer" # stepDefinitions.EmailDisclaimerSteps.verifyPageHeading(java.lang.String)
]]></system-out>
    <system-err><![CDATA[[main] INFO io.github.bonigarcia.wdm.WebDriverManager - Using chromedriver 141.0.7390.122 (resolved driver for Chrome 141)
[main] INFO io.github.bonigarcia.wdm.WebDriverManager - Exporting webdriver.chrome.driver as C:\Users\SiphoC\.cache\selenium\chromedriver\win64\141.0.7390.122\chromedriver.exe
Oct 27, 2025 4:42:36 PM org.openqa.selenium.devtools.CdpVersionFinder findNearestMatch
WARNING: Unable to find CDP implementation matching 141
Oct 27, 2025 4:42:36 PM org.openqa.selenium.chromium.ChromiumDriver lambda$new$5
WARNING: Unable to find version of CDP to use for 141.0.7390.123. You may need to include a dependency on a specific version of the CDP using something similar to `org.seleniumhq.selenium:selenium-devtools-v86:4.25.0` where the version ("v86") matches the version of the chromium-based browser you're using and the version number of the artifact is the same as Selenium's.
]]></system-err>
  </testcase>
  <testcase name="Verify disclaimer text is visible" classname="Email Disclaimer page – Positive scenarios" time="6.22">
    <system-out><![CDATA[
Scenario: Verify disclaimer text is visible                                                     # file:///C:/Users/SiphoC/Downloads/selenium-java-bdd-automation/sipho_qa_demo/src/test/resources/features/EmailDisclaimer_Positive.feature:13
  ✔ Given the user opens the email disclaimer page                                              # stepDefinitions.EmailDisclaimerSteps.openDisclaimerPage()
  ✔ Then the disclaimer section should contain "This message is deemed to contain confidential" # stepDefinitions.EmailDisclaimerSteps.theDisclaimerSectionShouldContain(java.lang.String)
]]></system-out>
    <system-err><![CDATA[[main] INFO io.github.bonigarcia.wdm.WebDriverManager - Using chromedriver 141.0.7390.122 (resolved driver for Chrome 141)
[main] INFO io.github.bonigarcia.wdm.WebDriverManager - Exporting webdriver.chrome.driver as C:\Users\SiphoC\.cache\selenium\chromedriver\win64\141.0.7390.122\chromedriver.exe
Oct 27, 2025 4:42:43 PM org.openqa.selenium.devtools.CdpVersionFinder findNearestMatch
WARNING: Unable to find CDP implementation matching 141
Oct 27, 2025 4:42:43 PM org.openqa.selenium.chromium.ChromiumDriver lambda$new$5
WARNING: Unable to find version of CDP to use for 141.0.7390.123. You may need to include a dependency on a specific version of the CDP using something similar to `org.seleniumhq.selenium:selenium-devtools-v86:4.25.0` where the version ("v86") matches the version of the chromium-based browser you're using and the version number of the artifact is the same as Selenium's.
]]></system-err>
  </testcase>
  <testcase name="Verify Data Privacy Statement link is clickable" classname="Email Disclaimer page – Positive scenarios" time="7.119">
    <error message="element click intercepted: Element is not clickable at point (1275, 932)&#10;  (Session info: chrome=141.0.7390.123)&#10;Build info: version: &apos;4.25.0&apos;, revision: &apos;8a8aea2337&apos;&#10;System info: os.name: &apos;Windows 11&apos;, os.arch: &apos;amd64&apos;, os.version: &apos;10.0&apos;, java.version: &apos;21.0.9&apos;&#10;Driver info: org.openqa.selenium.chrome.ChromeDriver&#10;Command: [25e170c43f26b48e8021f47faa90d8c6, clickElement {id=f.4C54287DF832E4D4CA88DE1C1BFBD8AC.d.CED73CB6E8D56BF963986B1FF7833D16.e.29}]&#10;Capabilities {acceptInsecureCerts: false, browserName: chrome, browserVersion: 141.0.7390.123, chrome: {chromedriverVersion: 141.0.7390.122 (b477534e7e1..., userDataDir: C:\Users\SiphoC\AppData\Loc...}, fedcm:accounts: true, goog:chromeOptions: {debuggerAddress: localhost:60550}, networkConnectionEnabled: false, pageLoadStrategy: normal, platformName: windows, proxy: Proxy(), se:cdp: ws://localhost:60550/devtoo..., se:cdpVersion: 141.0.7390.123, setWindowRect: true, strictFileInteractability: false, timeouts: {implicit: 0, pageLoad: 300000, script: 30000}, unhandledPromptBehavior: dismiss and notify, webauthn:extension:credBlob: true, webauthn:extension:largeBlob: true, webauthn:extension:minPinLength: true, webauthn:extension:prf: true, webauthn:virtualAuthenticators: true}&#10;Element: [[ChromeDriver: chrome on windows (25e170c43f26b48e8021f47faa90d8c6)] -&gt; link text: data privacy statement]&#10;Session ID: 25e170c43f26b48e8021f47faa90d8c6" type="org.openqa.selenium.ElementClickInterceptedException"><![CDATA[org.openqa.selenium.ElementClickInterceptedException: 
element click intercepted: Element is not clickable at point (1275, 932)
  (Session info: chrome=141.0.7390.123)
Build info: version: '4.25.0', revision: '8a8aea2337'
System info: os.name: 'Windows 11', os.arch: 'amd64', os.version: '10.0', java.version: '21.0.9'
Driver info: org.openqa.selenium.chrome.ChromeDriver
Command: [25e170c43f26b48e8021f47faa90d8c6, clickElement {id=f.4C54287DF832E4D4CA88DE1C1BFBD8AC.d.CED73CB6E8D56BF963986B1FF7833D16.e.29}]
Capabilities {acceptInsecureCerts: false, browserName: chrome, browserVersion: 141.0.7390.123, chrome: {chromedriverVersion: 141.0.7390.122 (b477534e7e1..., userDataDir: C:\Users\SiphoC\AppData\Loc...}, fedcm:accounts: true, goog:chromeOptions: {debuggerAddress: localhost:60550}, networkConnectionEnabled: false, pageLoadStrategy: normal, platformName: windows, proxy: Proxy(), se:cdp: ws://localhost:60550/devtoo..., se:cdpVersion: 141.0.7390.123, setWindowRect: true, strictFileInteractability: false, timeouts: {implicit: 0, pageLoad: 300000, script: 30000}, unhandledPromptBehavior: dismiss and notify, webauthn:extension:credBlob: true, webauthn:extension:largeBlob: true, webauthn:extension:minPinLength: true, webauthn:extension:prf: true, webauthn:virtualAuthenticators: true}
Element: [[ChromeDriver: chrome on windows (25e170c43f26b48e8021f47faa90d8c6)] -> link text: data privacy statement]
Session ID: 25e170c43f26b48e8021f47faa90d8c6
	at java.base/jdk.internal.reflect.DirectConstructorHandleAccessor.newInstance(DirectConstructorHandleAccessor.java:62)
	at java.base/java.lang.reflect.Constructor.newInstanceWithCaller(Constructor.java:502)
	at java.base/java.lang.reflect.Constructor.newInstance(Constructor.java:486)
	at org.openqa.selenium.remote.ErrorCodec.decode(ErrorCodec.java:167)
	at org.openqa.selenium.remote.codec.w3c.W3CHttpResponseCodec.decode(W3CHttpResponseCodec.java:138)
	at org.openqa.selenium.remote.codec.w3c.W3CHttpResponseCodec.decode(W3CHttpResponseCodec.java:50)
	at org.openqa.selenium.remote.HttpCommandExecutor.execute(HttpCommandExecutor.java:190)
	at org.openqa.selenium.remote.service.DriverCommandExecutor.invokeExecute(DriverCommandExecutor.java:216)
	at org.openqa.selenium.remote.service.DriverCommandExecutor.execute(DriverCommandExecutor.java:174)
	at org.openqa.selenium.remote.RemoteWebDriver.execute(RemoteWebDriver.java:545)
	at org.openqa.selenium.remote.RemoteWebElement.execute(RemoteWebElement.java:223)
	at org.openqa.selenium.remote.RemoteWebElement.click(RemoteWebElement.java:76)
	at stepDefinitions.EmailDisclaimerSteps.userClicksOnPrivacyLink(EmailDisclaimerSteps.java:75)
	at ✽.the user clicks on the "data privacy statement" link(file:///C:/Users/SiphoC/Downloads/selenium-java-bdd-automation/sipho_qa_demo/src/test/resources/features/EmailDisclaimer_Positive.feature:17)
]]></error>
    <system-out><![CDATA[
Scenario: Verify Data Privacy Statement link is clickable       # file:///C:/Users/SiphoC/Downloads/selenium-java-bdd-automation/sipho_qa_demo/src/test/resources/features/EmailDisclaimer_Positive.feature:16
  ✔ Given the user opens the email disclaimer page              # stepDefinitions.EmailDisclaimerSteps.openDisclaimerPage()
  ✘ When the user clicks on the "data privacy statement" link   # stepDefinitions.EmailDisclaimerSteps.userClicksOnPrivacyLink(java.lang.String)
        org.openqa.selenium.ElementClickInterceptedException: element click intercepted: Element is not clickable at point (1275, 932)
          (Session info: chrome=141.0.7390.123)
        Build info: version: '4.25.0', revision: '8a8aea2337'
        System info: os.name: 'Windows 11', os.arch: 'amd64', os.version: '10.0', java.version: '21.0.9'
        Driver info: org.openqa.selenium.chrome.ChromeDriver
        Command: [25e170c43f26b48e8021f47faa90d8c6, clickElement {id=f.4C54287DF832E4D4CA88DE1C1BFBD8AC.d.CED73CB6E8D56BF963986B1FF7833D16.e.29}]
        Capabilities {acceptInsecureCerts: false, browserName: chrome, browserVersion: 141.0.7390.123, chrome: {chromedriverVersion: 141.0.7390.122 (b477534e7e1..., userDataDir: C:\Users\SiphoC\AppData\Loc...}, fedcm:accounts: true, goog:chromeOptions: {debuggerAddress: localhost:60550}, networkConnectionEnabled: false, pageLoadStrategy: normal, platformName: windows, proxy: Proxy(), se:cdp: ws://localhost:60550/devtoo..., se:cdpVersion: 141.0.7390.123, setWindowRect: true, strictFileInteractability: false, timeouts: {implicit: 0, pageLoad: 300000, script: 30000}, unhandledPromptBehavior: dismiss and notify, webauthn:extension:credBlob: true, webauthn:extension:largeBlob: true, webauthn:extension:minPinLength: true, webauthn:extension:prf: true, webauthn:virtualAuthenticators: true}
        Element: [[ChromeDriver: chrome on windows (25e170c43f26b48e8021f47faa90d8c6)] -> link text: data privacy statement]
        Session ID: 25e170c43f26b48e8021f47faa90d8c6
        	at java.base/jdk.internal.reflect.DirectConstructorHandleAccessor.newInstance(DirectConstructorHandleAccessor.java:62)
        	at java.base/java.lang.reflect.Constructor.newInstanceWithCaller(Constructor.java:502)
        	at java.base/java.lang.reflect.Constructor.newInstance(Constructor.java:486)
        	at org.openqa.selenium.remote.ErrorCodec.decode(ErrorCodec.java:167)
        	at org.openqa.selenium.remote.codec.w3c.W3CHttpResponseCodec.decode(W3CHttpResponseCodec.java:138)
        	at org.openqa.selenium.remote.codec.w3c.W3CHttpResponseCodec.decode(W3CHttpResponseCodec.java:50)
        	at org.openqa.selenium.remote.HttpCommandExecutor.execute(HttpCommandExecutor.java:190)
        	at org.openqa.selenium.remote.service.DriverCommandExecutor.invokeExecute(DriverCommandExecutor.java:216)
        	at org.openqa.selenium.remote.service.DriverCommandExecutor.execute(DriverCommandExecutor.java:174)
        	at org.openqa.selenium.remote.RemoteWebDriver.execute(RemoteWebDriver.java:545)
        	at org.openqa.selenium.remote.RemoteWebElement.execute(RemoteWebElement.java:223)
        	at org.openqa.selenium.remote.RemoteWebElement.click(RemoteWebElement.java:76)
        	at stepDefinitions.EmailDisclaimerSteps.userClicksOnPrivacyLink(EmailDisclaimerSteps.java:75)
        	at ✽.the user clicks on the "data privacy statement" link(file:///C:/Users/SiphoC/Downloads/selenium-java-bdd-automation/sipho_qa_demo/src/test/resources/features/EmailDisclaimer_Positive.feature:17)
  ↷ Then the browser should open the Data Privacy Statement PDF # stepDefinitions.EmailDisclaimerSteps.verifyNavigationToDataPrivacy()
]]></system-out>
    <system-err><![CDATA[[main] INFO io.github.bonigarcia.wdm.WebDriverManager - Using chromedriver 141.0.7390.122 (resolved driver for Chrome 141)
[main] INFO io.github.bonigarcia.wdm.WebDriverManager - Exporting webdriver.chrome.driver as C:\Users\SiphoC\.cache\selenium\chromedriver\win64\141.0.7390.122\chromedriver.exe
Oct 27, 2025 4:42:49 PM org.openqa.selenium.devtools.CdpVersionFinder findNearestMatch
WARNING: Unable to find CDP implementation matching 141
Oct 27, 2025 4:42:49 PM org.openqa.selenium.chromium.ChromiumDriver lambda$new$5
WARNING: Unable to find version of CDP to use for 141.0.7390.123. You may need to include a dependency on a specific version of the CDP using something similar to `org.seleniumhq.selenium:selenium-devtools-v86:4.25.0` where the version ("v86") matches the version of the chromium-based browser you're using and the version number of the artifact is the same as Selenium's.
]]></system-err>
  </testcase>
  <testcase name="Verify footer text is displayed" classname="Email Disclaimer page – Positive scenarios" time="6.444">
    <system-out><![CDATA[
Scenario: Verify footer text is displayed                         # file:///C:/Users/SiphoC/Downloads/selenium-java-bdd-automation/sipho_qa_demo/src/test/resources/features/EmailDisclaimer_Positive.feature:20
  ✔ Given the user opens the email disclaimer page                # stepDefinitions.EmailDisclaimerSteps.openDisclaimerPage()
  ✔ Then the footer should contain the text "All rights reserved" # stepDefinitions.EmailDisclaimerSteps.theFooterShouldContainTheText(java.lang.String)
]]></system-out>
    <system-err><![CDATA[[main] INFO io.github.bonigarcia.wdm.WebDriverManager - Using chromedriver 141.0.7390.122 (resolved driver for Chrome 141)
[main] INFO io.github.bonigarcia.wdm.WebDriverManager - Exporting webdriver.chrome.driver as C:\Users\SiphoC\.cache\selenium\chromedriver\win64\141.0.7390.122\chromedriver.exe
Oct 27, 2025 4:42:57 PM org.openqa.selenium.devtools.CdpVersionFinder findNearestMatch
WARNING: Unable to find CDP implementation matching 141
Oct 27, 2025 4:42:57 PM org.openqa.selenium.chromium.ChromiumDriver lambda$new$5
WARNING: Unable to find version of CDP to use for 141.0.7390.123. You may need to include a dependency on a specific version of the CDP using something similar to `org.seleniumhq.selenium:selenium-devtools-v86:4.25.0` where the version ("v86") matches the version of the chromium-based browser you're using and the version number of the artifact is the same as Selenium's.
]]></system-err>
  </testcase>
  <testcase name="Verify navigation menu link “Our Group” is clickable" classname="Email Disclaimer page – Positive scenarios" time="9.224">
    <system-out><![CDATA[
Scenario: Verify navigation menu link “Our Group” is clickable # file:///C:/Users/SiphoC/Downloads/selenium-java-bdd-automation/sipho_qa_demo/src/test/resources/features/EmailDisclaimer_Positive.feature:23
  ✔ Given the user opens the email disclaimer page             # stepDefinitions.EmailDisclaimerSteps.openDisclaimerPage()
  ✔ When the user clicks on the navigation link "Our Group"    # stepDefinitions.EmailDisclaimerSteps.theUserClicksOnTheNavigationLink(java.lang.String)
  ✔ Then the page should navigate successfully to "group.html" # stepDefinitions.EmailDisclaimerSteps.verifyNavigationToOGroup(java.lang.String)
]]></system-out>
    <system-err><![CDATA[[main] INFO io.github.bonigarcia.wdm.WebDriverManager - Using chromedriver 141.0.7390.122 (resolved driver for Chrome 141)
[main] INFO io.github.bonigarcia.wdm.WebDriverManager - Exporting webdriver.chrome.driver as C:\Users\SiphoC\.cache\selenium\chromedriver\win64\141.0.7390.122\chromedriver.exe
Oct 27, 2025 4:43:03 PM org.openqa.selenium.devtools.CdpVersionFinder findNearestMatch
WARNING: Unable to find CDP implementation matching 141
Oct 27, 2025 4:43:03 PM org.openqa.selenium.chromium.ChromiumDriver lambda$new$5
WARNING: Unable to find version of CDP to use for 141.0.7390.123. You may need to include a dependency on a specific version of the CDP using something similar to `org.seleniumhq.selenium:selenium-devtools-v86:4.25.0` where the version ("v86") matches the version of the chromium-based browser you're using and the version number of the artifact is the same as Selenium's.
]]></system-err>
  </testcase>
</testsuite>