<?xml version="1.0" encoding="UTF-8"?>
<testsuite xmlns:xsi="http://www.w3.org/2001/XMLSchema-instance" xsi:noNamespaceSchemaLocation="https://maven.apache.org/surefire/maven-surefire-plugin/xsd/surefire-test-report-3.0.xsd" version="3.0" name="testRunner.TestRunner" time="27.276" tests="5" errors="0" skipped="0" failures="0">
  <properties>
[...]
</properties>
  <testcase name="Verify incorrect page heading is not displayed" classname="Email Disclaimer page - Negative scenarios" time="6.851">
    <system-out><![CDATA[
@Negative @InvalidHeading
Scenario: Verify incorrect page heading is not displayed                                   # file:///C:/Users/SiphoC/Downloads/selenium-java-bdd-automation/sipho_qa_demo/src/test/resources/features/EmailDisclaimer_Negative.feature:10
  ✔ Given the user opens the email disclaimer page                                         # stepDefinitions.EmailDisclaimerSteps.openDisclaimerPage()
  ✔ When the page is loaded                                                                # stepDefinitions.EmailDisclaimerSteps.pageIsLoaded()
  ✔ Then the page heading should not be "Shoprite Holdings Limited Data Protection Notice" # stepDefinitions.EmailDisclaimerSteps.verifyIncorrectHeading(java.lang.String)
]]></system-out>
    <system-err><![CDATA[[main] INFO io.github.bonigarcia.wdm.WebDriverManager - Using chromedriver 141.0.7390.122 (resolved driver for Chrome 141)
[main] INFO io.github.bonigarcia.wdm.WebDriverManager - Exporting webdriver.chrome.driver as C:\Users\SiphoC\.cache\selenium\chromedriver\win64\141.0.7390.122\chromedriver.exe
Oct 28, 2025 12:33:56 PM org.openqa.selenium.devtools.CdpVersionFinder findNearestMatch
WARNING: Unable to find CDP implementation matching 141
Oct 28, 2025 12:33:56 PM org.openqa.selenium.chromium.ChromiumDriver lambda$new$5
WARNING: Unable to find version of CDP to use for 141.0.7390.123. You may need to include a dependency on a specific version of the CDP using something similar to `org.seleniumhq.selenium:selenium-devtools-v86:4.25.0` where the version ("v86") matches the version of the chromium-based browser you're using and the version number of the artifact is the same as Selenium's.
]]></system-err>
  </testcase>
  <testcase name="Verify clicking a non-existent link does not cause navigation" classname="Email Disclaimer page - Negative scenarios" time="4.579">
    <system-out><![CDATA[
@Negative @BrokenLink
Scenario: Verify clicking a non-existent link does not cause navigation # file:///C:/Users/SiphoC/Downloads/selenium-java-bdd-automation/sipho_qa_demo/src/test/resources/features/EmailDisclaimer_Negative.feature:15
  ✔ Given the user opens the email disclaimer page                      # stepDefinitions.EmailDisclaimerSteps.openDisclaimerPage()
Link not found as expected: Invalid Link
  ✔ When the user clicks on a non-existent link "Invalid Link"          # stepDefinitions.EmailDisclaimerSteps.clickNonExistentLink(java.lang.String)
  ✔ Then the browser should remain on the Email Disclaimer page         # stepDefinitions.EmailDisclaimerSteps.verifyStillOnDisclaimerPage()
]]></system-out>
    <system-err><![CDATA[[main] INFO io.github.bonigarcia.wdm.WebDriverManager - Using chromedriver 141.0.7390.122 (resolved driver for Chrome 141)
[main] INFO io.github.bonigarcia.wdm.WebDriverManager - Exporting webdriver.chrome.driver as C:\Users\SiphoC\.cache\selenium\chromedriver\win64\141.0.7390.122\chromedriver.exe
Oct 28, 2025 12:34:01 PM org.openqa.selenium.devtools.CdpVersionFinder findNearestMatch
WARNING: Unable to find CDP implementation matching 141
Oct 28, 2025 12:34:01 PM org.openqa.selenium.chromium.ChromiumDriver lambda$new$5
WARNING: Unable to find version of CDP to use for 141.0.7390.123. You may need to include a dependency on a specific version of the CDP using something similar to `org.seleniumhq.selenium:selenium-devtools-v86:4.25.0` where the version ("v86") matches the version of the chromium-based browser you're using and the version number of the artifact is the same as Selenium's.
]]></system-err>
  </testcase>
  <testcase name="Verify disclaimer section does not contain irrelevant text" classname="Email Disclaimer page - Negative scenarios" time="4.273">
    <system-out><![CDATA[
@Negative @MissingText
Scenario: Verify disclaimer section does not contain irrelevant text                # file:///C:/Users/SiphoC/Downloads/selenium-java-bdd-automation/sipho_qa_demo/src/test/resources/features/EmailDisclaimer_Negative.feature:20
  ✔ Given the user opens the email disclaimer page                                  # stepDefinitions.EmailDisclaimerSteps.openDisclaimerPage()
  ✔ When the page is loaded                                                         # stepDefinitions.EmailDisclaimerSteps.pageIsLoaded()
  ✔ Then the disclaimer section should not contain "Welcome to our Shopping Portal" # stepDefinitions.EmailDisclaimerSteps.verifyDisclaimerDoesNotContain(java.lang.String)
]]></system-out>
    <system-err><![CDATA[[main] INFO io.github.bonigarcia.wdm.WebDriverManager - Using chromedriver 141.0.7390.122 (resolved driver for Chrome 141)
[main] INFO io.github.bonigarcia.wdm.WebDriverManager - Exporting webdriver.chrome.driver as C:\Users\SiphoC\.cache\selenium\chromedriver\win64\141.0.7390.122\chromedriver.exe
Oct 28, 2025 12:34:06 PM org.openqa.selenium.devtools.CdpVersionFinder findNearestMatch
WARNING: Unable to find CDP implementation matching 141
Oct 28, 2025 12:34:06 PM org.openqa.selenium.chromium.ChromiumDriver lambda$new$5
WARNING: Unable to find version of CDP to use for 141.0.7390.123. You may need to include a dependency on a specific version of the CDP using something similar to `org.seleniumhq.selenium:selenium-devtools-v86:4.25.0` where the version ("v86") matches the version of the chromium-based browser you're using and the version number of the artifact is the same as Selenium's.
]]></system-err>
  </testcase>
  <testcase name="Verify Data Privacy Statement link is not broken" classname="Email Disclaimer page - Negative scenarios" time="5.767">
    <system-out><![CDATA[
@Negative @BrokenPrivacyLink
Scenario: Verify Data Privacy Statement link is not broken    # file:///C:/Users/SiphoC/Downloads/selenium-java-bdd-automation/sipho_qa_demo/src/test/resources/features/EmailDisclaimer_Negative.feature:25
  ✔ Given the user opens the email disclaimer page            # stepDefinitions.EmailDisclaimerSteps.openDisclaimerPage()
  ✔ When the user clicks on the "data privacy statement" link # stepDefinitions.EmailDisclaimerSteps.userClicksOnPrivacyLink(java.lang.String)
  ✔ Then the browser should not navigate to a 404 error page  # stepDefinitions.EmailDisclaimerSteps.verifyNotNavigatedToErrorPage()
]]></system-out>
    <system-err><![CDATA[[main] INFO io.github.bonigarcia.wdm.WebDriverManager - Using chromedriver 141.0.7390.122 (resolved driver for Chrome 141)
[main] INFO io.github.bonigarcia.wdm.WebDriverManager - Exporting webdriver.chrome.driver as C:\Users\SiphoC\.cache\selenium\chromedriver\win64\141.0.7390.122\chromedriver.exe
Oct 28, 2025 12:34:10 PM org.openqa.selenium.devtools.CdpVersionFinder findNearestMatch
WARNING: Unable to find CDP implementation matching 141
Oct 28, 2025 12:34:10 PM org.openqa.selenium.chromium.ChromiumDriver lambda$new$5
WARNING: Unable to find version of CDP to use for 141.0.7390.123. You may need to include a dependency on a specific version of the CDP using something similar to `org.seleniumhq.selenium:selenium-devtools-v86:4.25.0` where the version ("v86") matches the version of the chromium-based browser you're using and the version number of the artifact is the same as Selenium's.
]]></system-err>
  </testcase>
  <testcase name="Verify footer does not appear blank" classname="Email Disclaimer page - Negative scenarios" time="4.805">
    <system-out><![CDATA[
@Negative @EmptyFooter
Scenario: Verify footer does not appear blank      # file:///C:/Users/SiphoC/Downloads/selenium-java-bdd-automation/sipho_qa_demo/src/test/resources/features/EmailDisclaimer_Negative.feature:30
  ✔ Given the user opens the email disclaimer page # stepDefinitions.EmailDisclaimerSteps.openDisclaimerPage()
  ✔ When the page is loaded                        # stepDefinitions.EmailDisclaimerSteps.pageIsLoaded()
  ✔ Then the footer text should not be empty       # stepDefinitions.EmailDisclaimerSteps.verifyFooterNotEmpty()
]]></system-out>
    <system-err><![CDATA[[main] INFO io.github.bonigarcia.wdm.WebDriverManager - Using chromedriver 141.0.7390.122 (resolved driver for Chrome 141)
[main] INFO io.github.bonigarcia.wdm.WebDriverManager - Exporting webdriver.chrome.driver as C:\Users\SiphoC\.cache\selenium\chromedriver\win64\141.0.7390.122\chromedriver.exe
Oct 28, 2025 12:34:16 PM org.openqa.selenium.devtools.CdpVersionFinder findNearestMatch
WARNING: Unable to find CDP implementation matching 141
Oct 28, 2025 12:34:16 PM org.openqa.selenium.chromium.ChromiumDriver lambda$new$5
WARNING: Unable to find version of CDP to use for 141.0.7390.123. You may need to include a dependency on a specific version of the CDP using something similar to `org.seleniumhq.selenium:selenium-devtools-v86:4.25.0` where the version ("v86") matches the version of the chromium-based browser you're using and the version number of the artifact is the same as Selenium's.
]]></system-err>
  </testcase>
</testsuite>