<?xml version="1.0" encoding="UTF-8"?>
<testng-results ignored="0" total="2" passed="2" failed="0" skipped="0">
  <reporter-output>
  </reporter-output>
  <suite started-at="2024-10-01T01:30:55 CAT" name="Suite" finished-at="2024-10-01T01:31:24 CAT" duration-ms="28826">
    <groups>
    </groups>
    <test started-at="2024-10-01T01:30:55 CAT" name="Test" finished-at="2024-10-01T01:31:24 CAT" duration-ms="28826">
      <class name="BddBasedPackages.sipho_qa_demo.TableResultsValidationTest">
        <test-method is-config="true" signature="launchApplication()[pri:0, instance:BddBasedPackages.sipho_qa_demo.TableResultsValidationTest@7fd50002]" started-at="2024-10-01T01:30:55 CAT" name="launchApplication" finished-at="2024-10-01T01:31:06 CAT" duration-ms="11102" status="PASS">
          <reporter-output>
          </reporter-output>
        </test-method> <!-- launchApplication -->
        <test-method signature="bbcSportNewsRender()[pri:0, instance:BddBasedPackages.sipho_qa_demo.TableResultsValidationTest@7fd50002]" started-at="2024-10-01T01:31:06 CAT" name="bbcSportNewsRender" finished-at="2024-10-01T01:31:13 CAT" duration-ms="6738" status="PASS">
          <reporter-output>
          </reporter-output>
        </test-method> <!-- bbcSportNewsRender -->
        <test-method is-config="true" signature="tearDown()[pri:0, instance:BddBasedPackages.sipho_qa_demo.TableResultsValidationTest@7fd50002]" started-at="2024-10-01T01:31:13 CAT" name="tearDown" finished-at="2024-10-01T01:31:13 CAT" duration-ms="329" status="PASS">
          <reporter-output>
          </reporter-output>
        </test-method> <!-- tearDown -->
      </class> <!-- BddBasedPackages.sipho_qa_demo.TableResultsValidationTest -->
      <class name="BddBasedPackages.sipho_qa_demo.SearchResultsRetrieveTest">
        <test-method is-config="true" signature="launchApplication()[pri:0, instance:BddBasedPackages.sipho_qa_demo.SearchResultsRetrieveTest@50378a4]" started-at="2024-10-01T01:31:13 CAT" name="launchApplication" finished-at="2024-10-01T01:31:21 CAT" duration-ms="8001" status="PASS">
          <reporter-output>
          </reporter-output>
        </test-method> <!-- launchApplication -->
        <test-method signature="bbcSportArticlesRetriev()[pri:0, instance:BddBasedPackages.sipho_qa_demo.SearchResultsRetrieveTest@50378a4]" started-at="2024-10-01T01:31:21 CAT" name="bbcSportArticlesRetriev" finished-at="2024-10-01T01:31:24 CAT" duration-ms="2319" status="PASS">
          <reporter-output>
          </reporter-output>
        </test-method> <!-- bbcSportArticlesRetriev -->
        <test-method is-config="true" signature="tearDown()[pri:0, instance:BddBasedPackages.sipho_qa_demo.SearchResultsRetrieveTest@50378a4]" started-at="2024-10-01T01:31:24 CAT" name="tearDown" finished-at="2024-10-01T01:31:24 CAT" duration-ms="262" status="PASS">
          <reporter-output>
          </reporter-output>
        </test-method> <!-- tearDown -->
      </class> <!-- BddBasedPackages.sipho_qa_demo.SearchResultsRetrieveTest -->
    </test> <!-- Test -->
  </suite> <!-- Suite -->
</testng-results>
