<?xml version="1.0" encoding="UTF-8"?>
<!-- Generated by org.testng.reporters.JUnitXMLReporter -->
<testsuite ignored="0" hostname="zazn-bet-c4cbe1" failures="0" tests="2" name="Default test" time="36.362" errors="0" timestamp="2024-09-30T13:45:45 SAST">
  <testcase classname="BddBasedPackages.sipho_qa_demo.TableResultsValidationTest" name="bbcSportNewsRender" time="7.269"/>
  <testcase classname="BddBasedPackages.sipho_qa_demo.SearchResultsRetrieveTest" name="bbcSportArticlesRetriev" time="2.72"/>
</testsuite> <!-- Default test -->
