<?xml version="1.0" encoding="UTF-8"?>
<testng-results ignored="0" total="2" passed="2" failed="0" skipped="0">
  <reporter-output>
  </reporter-output>
  <suite started-at="2024-10-04T12:05:22 CAT" name="Suite" finished-at="2024-10-04T12:06:06 CAT" duration-ms="44250">
    <groups>
    </groups>
    <test started-at="2024-10-04T12:05:22 CAT" name="Test" finished-at="2024-10-04T12:06:06 CAT" duration-ms="44250">
      <class name="BddBasedPackages.sipho_qa_demo.TableResultsValidationTest">
        <test-method is-config="true" signature="launchApplication()[pri:0, instance:BddBasedPackages.sipho_qa_demo.TableResultsValidationTest@4d1c005e]" started-at="2024-10-04T12:05:22 CAT" name="launchApplication" finished-at="2024-10-04T12:05:30 CAT" duration-ms="8018" status="PASS">
          <reporter-output>
          </reporter-output>
        </test-method> <!-- launchApplication -->
        <test-method signature="bbcSportNewsRender()[pri:0, instance:BddBasedPackages.sipho_qa_demo.TableResultsValidationTest@4d1c005e]" started-at="2024-10-04T12:05:30 CAT" name="bbcSportNewsRender" finished-at="2024-10-04T12:05:57 CAT" duration-ms="26752" status="PASS">
          <reporter-output>
          </reporter-output>
        </test-method> <!-- bbcSportNewsRender -->
        <test-method is-config="true" signature="tearDown()[pri:0, instance:BddBasedPackages.sipho_qa_demo.TableResultsValidationTest@4d1c005e]" started-at="2024-10-04T12:05:57 CAT" name="tearDown" finished-at="2024-10-04T12:05:57 CAT" duration-ms="335" status="PASS">
          <reporter-output>
          </reporter-output>
        </test-method> <!-- tearDown -->
      </class> <!-- BddBasedPackages.sipho_qa_demo.TableResultsValidationTest -->
      <class name="BddBasedPackages.sipho_qa_demo.SearchResultsRetrieveTest">
        <test-method is-config="true" signature="launchApplication()[pri:0, instance:BddBasedPackages.sipho_qa_demo.SearchResultsRetrieveTest@55cb6996]" started-at="2024-10-04T12:05:57 CAT" name="launchApplication" finished-at="2024-10-04T12:06:04 CAT" duration-ms="6959" status="PASS">
          <reporter-output>
          </reporter-output>
        </test-method> <!-- launchApplication -->
        <test-method signature="bbcSportArticlesRetriev()[pri:0, instance:BddBasedPackages.sipho_qa_demo.SearchResultsRetrieveTest@55cb6996]" started-at="2024-10-04T12:06:04 CAT" name="bbcSportArticlesRetriev" finished-at="2024-10-04T12:06:06 CAT" duration-ms="1853" status="PASS">
          <reporter-output>
          </reporter-output>
        </test-method> <!-- bbcSportArticlesRetriev -->
        <test-method is-config="true" signature="tearDown()[pri:0, instance:BddBasedPackages.sipho_qa_demo.SearchResultsRetrieveTest@55cb6996]" started-at="2024-10-04T12:06:06 CAT" name="tearDown" finished-at="2024-10-04T12:06:06 CAT" duration-ms="271" status="PASS">
          <reporter-output>
          </reporter-output>
        </test-method> <!-- tearDown -->
      </class> <!-- BddBasedPackages.sipho_qa_demo.SearchResultsRetrieveTest -->
    </test> <!-- Test -->
  </suite> <!-- Suite -->
</testng-results>
